<?xml version="1.0" encoding="UTF-8"?>
<testsuite xmlns:xsi="http://www.w3.org/2001/XMLSchema-instance" xsi:noNamespaceSchemaLocation="https://maven.apache.org/surefire/maven-surefire-plugin/xsd/surefire-test-report-3.0.xsd" version="3.0" name="Runners.Smoke" time="13.019" tests="1" errors="0" skipped="0" failures="0">
  <properties>
[...]
</properties>
  <testcase name="Verify dashboard tabs" classname="Dashboard functionality" time="12.268">
    <system-out><![CDATA[
@dashboard
Scenario: Verify dashboard tabs                      # src/test/resources/features/Dashboard.feature:4
  When user enters valid admin username and password # steps.LoginSteps.user_enters_valid_admin_username_and_password()
  And user clicks on login button                    # steps.LoginSteps.user_clicks_on_login_button()
Test passed
  Then admin user is successfully logged in          # steps.LoginSteps.admin_user_is_successfully_logged_in()
[Admin, PIM, Leave, Time, Recruitment, Performance, Dashboard, Directory]
[Admin, PIM, Leave, Time, Recruitment, Performance, Dashboard, Directory]
All values of tabs are equal and my test case is passed
  Then verify all the dashboard tabs                 # steps.DashboardSteps.verify_all_the_dashboard_tabs(io.cucumber.datatable.DataTable)

    Embedding Verify dashboard tabs [image/png 81223 bytes]

]]></system-out>
    <system-err><![CDATA[SLF4J: Failed to load class "org.slf4j.impl.StaticLoggerBinder".
SLF4J: Defaulting to no-operation (NOP) logger implementation
SLF4J: See http://www.slf4j.org/codes.html#StaticLoggerBinder for further details.
Starting ChromeDriver 97.0.4692.71 (adefa7837d02a07a604c1e6eff0b3a09422ab88d-refs/branch-heads/4692@{#1247}) on port 34842
Only local connections are allowed.
Please see https://chromedriver.chromium.org/security-considerations for suggestions on keeping ChromeDriver safe.
ChromeDriver was started successfully.
Jan 23, 2022 11:29:33 PM org.openqa.selenium.remote.ProtocolHandshake createSession
INFO: Detected dialect: W3C
]]></system-err>
  </testcase>
</testsuite>